# JRE version: Java(TM) SE Runtime Environment (8.0_25-b18) (build 1.8.0_25-b18)
# Java VM: Java HotSpot(TM) 64-Bit Server VM (25.25-b02 mixed mode windows-amd64 compressed oops)
Heap:
 PSYoungGen      total 65536K, used 48372K [0x00000000d6600000, 0x00000000dad80000, 0x0000000100000000)
  eden space 62976K, 76% used [0x00000000d6600000,0x00000000d953d1d8,0x00000000da380000)
  from space 2560K, 0% used [0x00000000dab00000,0x00000000dab00000,0x00000000dad80000)
  to   space 5120K, 0% used [0x00000000da380000,0x00000000da380000,0x00000000da880000)
 ParOldGen       total 158208K, used 48341K [0x0000000083200000, 0x000000008cc80000, 0x00000000d6600000)
  object space 158208K, 30% used [0x0000000083200000,0x0000000086135570,0x000000008cc80000)
 Metaspace       used 16217K, capacity 16384K, committed 16640K, reserved 1064960K
  class space    used 1948K, capacity 1980K, committed 2048K, reserved 1048576K
GC Heap History (10 events):
Event: 16.986 GC heap before
{Heap before GC invocations=2 (full 0):
 PSYoungGen      total 37888K, used 37856K [0x00000000d6600000, 0x00000000d9000000, 0x0000000100000000)
  eden space 32768K, 100% used [0x00000000d6600000,0x00000000d8600000,0x00000000d8600000)
  from space 5120K, 99% used [0x00000000d8600000,0x00000000d8af8098,0x00000000d8b00000)
  to   space 5120K, 0% used [0x00000000d8b00000,0x00000000d8b00000,0x00000000d9000000)
 ParOldGen       total 86016K, used 5344K [0x0000000083200000, 0x0000000088600000, 0x00000000d6600000)
  object space 86016K, 6% used [0x0000000083200000,0x0000000083738020,0x0000000088600000)
 Metaspace       used 15815K, capacity 15970K, committed 16128K, reserved 1062912K
  class space    used 1893K, capacity 1949K, committed 2048K, reserved 1048576K
Event: 17.001 GC heap after
Heap after GC invocations=2 (full 0):
 PSYoungGen      total 37888K, used 5103K [0x00000000d6600000, 0x00000000db000000, 0x0000000100000000)
  eden space 32768K, 0% used [0x00000000d6600000,0x00000000d6600000,0x00000000d8600000)
  from space 5120K, 99% used [0x00000000d8b00000,0x00000000d8ffbd80,0x00000000d9000000)
  to   space 5120K, 0% used [0x00000000d8600000,0x00000000d8600000,0x00000000d8b00000)
 ParOldGen       total 86016K, used 30815K [0x0000000083200000, 0x0000000088600000, 0x00000000d6600000)
  object space 86016K, 35% used [0x0000000083200000,0x0000000085017c40,0x0000000088600000)
 Metaspace       used 15815K, capacity 15970K, committed 16128K, reserved 1062912K
  class space    used 1893K, capacity 1949K, committed 2048K, reserved 1048576K
}
Event: 17.419 GC heap before
{Heap before GC invocations=3 (full 0):
 PSYoungGen      total 37888K, used 23455K [0x00000000d6600000, 0x00000000db000000, 0x0000000100000000)
  eden space 32768K, 56% used [0x00000000d6600000,0x00000000d77ec0f8,0x00000000d8600000)
  from space 5120K, 99% used [0x00000000d8b00000,0x00000000d8ffbd80,0x00000000d9000000)
  to   space 5120K, 0% used [0x00000000d8600000,0x00000000d8600000,0x00000000d8b00000)
 ParOldGen       total 86016K, used 30815K [0x0000000083200000, 0x0000000088600000, 0x00000000d6600000)
  object space 86016K, 35% used [0x0000000083200000,0x0000000085017c40,0x0000000088600000)
 Metaspace       used 16126K, capacity 16322K, committed 16640K, reserved 1064960K
  class space    used 1945K, capacity 1981K, committed 2048K, reserved 1048576K
Event: 17.431 GC heap after
Heap after GC invocations=3 (full 0):
 PSYoungGen      total 37888K, used 1785K [0x00000000d6600000, 0x00000000db000000, 0x0000000100000000)
  eden space 32768K, 0% used [0x00000000d6600000,0x00000000d6600000,0x00000000d8600000)
  from space 5120K, 34% used [0x00000000d8600000,0x00000000d87be7e0,0x00000000d8b00000)
  to   space 5120K, 0% used [0x00000000dab00000,0x00000000dab00000,0x00000000db000000)
 ParOldGen       total 86016K, used 55629K [0x0000000083200000, 0x0000000088600000, 0x00000000d6600000)
  object space 86016K, 64% used [0x0000000083200000,0x00000000868535b0,0x0000000088600000)
 Metaspace       used 16126K, capacity 16322K, committed 16640K, reserved 1064960K
  class space    used 1945K, capacity 1981K, committed 2048K, reserved 1048576K
}
Event: 17.431 GC heap before
{Heap before GC invocations=4 (full 1):
 PSYoungGen      total 37888K, used 1785K [0x00000000d6600000, 0x00000000db000000, 0x0000000100000000)
  eden space 32768K, 0% used [0x00000000d6600000,0x00000000d6600000,0x00000000d8600000)
  from space 5120K, 34% used [0x00000000d8600000,0x00000000d87be7e0,0x00000000d8b00000)
  to   space 5120K, 0% used [0x00000000dab00000,0x00000000dab00000,0x00000000db000000)
 ParOldGen       total 86016K, used 55629K [0x0000000083200000, 0x0000000088600000, 0x00000000d6600000)
  object space 86016K, 64% used [0x0000000083200000,0x00000000868535b0,0x0000000088600000)
 Metaspace       used 16126K, capacity 16322K, committed 16640K, reserved 1064960K
  class space    used 1945K, capacity 1981K, committed 2048K, reserved 1048576K
Event: 17.473 GC heap after
Heap after GC invocations=4 (full 1):
 PSYoungGen      total 37888K, used 0K [0x00000000d6600000, 0x00000000db000000, 0x0000000100000000)
  eden space 32768K, 0% used [0x00000000d6600000,0x00000000d6600000,0x00000000d8600000)
  from space 5120K, 0% used [0x00000000d8600000,0x00000000d8600000,0x00000000d8b00000)
  to   space 5120K, 0% used [0x00000000dab00000,0x00000000dab00000,0x00000000db000000)
 ParOldGen       total 103936K, used 32428K [0x0000000083200000, 0x0000000089780000, 0x00000000d6600000)
  object space 103936K, 31% used [0x0000000083200000,0x00000000851ab000,0x0000000089780000)
 Metaspace       used 16125K, capacity 16320K, committed 16640K, reserved 1064960K
  class space    used 1944K, capacity 1980K, committed 2048K, reserved 1048576K
}
Event: 18.014 GC heap before
{Heap before GC invocations=5 (full 1):
 PSYoungGen      total 37888K, used 32768K [0x00000000d6600000, 0x00000000db000000, 0x0000000100000000)
  eden space 32768K, 100% used [0x00000000d6600000,0x00000000d8600000,0x00000000d8600000)
  from space 5120K, 0% used [0x00000000d8600000,0x00000000d8600000,0x00000000d8b00000)
  to   space 5120K, 0% used [0x00000000dab00000,0x00000000dab00000,0x00000000db000000)
 ParOldGen       total 103936K, used 32428K [0x0000000083200000, 0x0000000089780000, 0x00000000d6600000)
  object space 103936K, 31% used [0x0000000083200000,0x00000000851ab000,0x0000000089780000)
 Metaspace       used 16140K, capacity 16320K, committed 16640K, reserved 1064960K
  class space    used 1947K, capacity 1980K, committed 2048K, reserved 1048576K
Event: 18.028 GC heap after
Heap after GC invocations=5 (full 1):
 PSYoungGen      total 65536K, used 357K [0x00000000d6600000, 0x00000000dad80000, 0x0000000100000000)
  eden space 62976K, 0% used [0x00000000d6600000,0x00000000d6600000,0x00000000da380000)
  from space 2560K, 13% used [0x00000000dab00000,0x00000000dab596b0,0x00000000dad80000)
  to   space 5120K, 0% used [0x00000000da380000,0x00000000da380000,0x00000000da880000)
 ParOldGen       total 103936K, used 79311K [0x0000000083200000, 0x0000000089780000, 0x00000000d6600000)
  object space 103936K, 76% used [0x0000000083200000,0x0000000087f73c30,0x0000000089780000)
 Metaspace       used 16140K, capacity 16320K, committed 16640K, reserved 1064960K
  class space    used 1947K, capacity 1980K, committed 2048K, reserved 1048576K
}
Event: 18.028 GC heap before
{Heap before GC invocations=6 (full 2):
 PSYoungGen      total 65536K, used 357K [0x00000000d6600000, 0x00000000dad80000, 0x0000000100000000)
  eden space 62976K, 0% used [0x00000000d6600000,0x00000000d6600000,0x00000000da380000)
  from space 2560K, 13% used [0x00000000dab00000,0x00000000dab596b0,0x00000000dad80000)
  to   space 5120K, 0% used [0x00000000da380000,0x00000000da380000,0x00000000da880000)
 ParOldGen       total 103936K, used 79311K [0x0000000083200000, 0x0000000089780000, 0x00000000d6600000)
  object space 103936K, 76% used [0x0000000083200000,0x0000000087f73c30,0x0000000089780000)
 Metaspace       used 16140K, capacity 16320K, committed 16640K, reserved 1064960K
  class space    used 1947K, capacity 1980K, committed 2048K, reserved 1048576K
Event: 18.057 GC heap after
Heap after GC invocations=6 (full 2):
 PSYoungGen      total 65536K, used 0K [0x00000000d6600000, 0x00000000dad80000, 0x0000000100000000)
  eden space 62976K, 0% used [0x00000000d6600000,0x00000000d6600000,0x00000000da380000)
  from space 2560K, 0% used [0x00000000dab00000,0x00000000dab00000,0x00000000dad80000)
  to   space 5120K, 0% used [0x00000000da380000,0x00000000da380000,0x00000000da880000)
 ParOldGen       total 158208K, used 48341K [0x0000000083200000, 0x000000008cc80000, 0x00000000d6600000)
  object space 158208K, 30% used [0x0000000083200000,0x0000000086135570,0x000000008cc80000)
 Metaspace       used 16140K, capacity 16320K, committed 16640K, reserved 1064960K
  class space    used 1947K, capacity 1980K, committed 2048K, reserved 1048576K
}

