# JRE version: Java(TM) SE Runtime Environment (8.0_25-b18) (build 1.8.0_25-b18)
# Java VM: Java HotSpot(TM) 64-Bit Server VM (25.25-b02 mixed mode windows-amd64 compressed oops)
Heap:
 PSYoungGen      total 37888K, used 11928K [0x00000000d6600000, 0x00000000d9000000, 0x0000000100000000)
  eden space 32768K, 36% used [0x00000000d6600000,0x00000000d71a6338,0x00000000d8600000)
  from space 5120K, 0% used [0x00000000d8600000,0x00000000d8600000,0x00000000d8b00000)
  to   space 5120K, 0% used [0x00000000d8b00000,0x00000000d8b00000,0x00000000d9000000)
 ParOldGen       total 61440K, used 1809K [0x0000000083200000, 0x0000000086e00000, 0x00000000d6600000)
  object space 61440K, 2% used [0x0000000083200000,0x00000000833c4798,0x0000000086e00000)
 Metaspace       used 13508K, capacity 13680K, committed 13952K, reserved 1062912K
  class space    used 1556K, capacity 1609K, committed 1664K, reserved 1048576K
GC Heap History (4 events):
Event: 1.848 GC heap before
{Heap before GC invocations=1 (full 0):
 PSYoungGen      total 37888K, used 7866K [0x00000000d6600000, 0x00000000d9000000, 0x0000000100000000)
  eden space 32768K, 24% used [0x00000000d6600000,0x00000000d6dae910,0x00000000d8600000)
  from space 5120K, 0% used [0x00000000d8b00000,0x00000000d8b00000,0x00000000d9000000)
  to   space 5120K, 0% used [0x00000000d8600000,0x00000000d8600000,0x00000000d8b00000)
 ParOldGen       total 86016K, used 0K [0x0000000083200000, 0x0000000088600000, 0x00000000d6600000)
  object space 86016K, 0% used [0x0000000083200000,0x0000000083200000,0x0000000088600000)
 Metaspace       used 8280K, capacity 8422K, committed 8576K, reserved 1060864K
  class space    used 962K, capacity 1032K, committed 1152K, reserved 1048576K
Event: 1.853 GC heap after
Heap after GC invocations=1 (full 0):
 PSYoungGen      total 37888K, used 1946K [0x00000000d6600000, 0x00000000d9000000, 0x0000000100000000)
  eden space 32768K, 0% used [0x00000000d6600000,0x00000000d6600000,0x00000000d8600000)
  from space 5120K, 38% used [0x00000000d8600000,0x00000000d87e6b00,0x00000000d8b00000)
  to   space 5120K, 0% used [0x00000000d8b00000,0x00000000d8b00000,0x00000000d9000000)
 ParOldGen       total 86016K, used 8K [0x0000000083200000, 0x0000000088600000, 0x00000000d6600000)
  object space 86016K, 0% used [0x0000000083200000,0x0000000083202000,0x0000000088600000)
 Metaspace       used 8280K, capacity 8422K, committed 8576K, reserved 1060864K
  class space    used 962K, capacity 1032K, committed 1152K, reserved 1048576K
}
Event: 1.853 GC heap before
{Heap before GC invocations=2 (full 1):
 PSYoungGen      total 37888K, used 1946K [0x00000000d6600000, 0x00000000d9000000, 0x0000000100000000)
  eden space 32768K, 0% used [0x00000000d6600000,0x00000000d6600000,0x00000000d8600000)
  from space 5120K, 38% used [0x00000000d8600000,0x00000000d87e6b00,0x00000000d8b00000)
  to   space 5120K, 0% used [0x00000000d8b00000,0x00000000d8b00000,0x00000000d9000000)
 ParOldGen       total 86016K, used 8K [0x0000000083200000, 0x0000000088600000, 0x00000000d6600000)
  object space 86016K, 0% used [0x0000000083200000,0x0000000083202000,0x0000000088600000)
 Metaspace       used 8280K, capacity 8422K, committed 8576K, reserved 1060864K
  class space    used 962K, capacity 1032K, committed 1152K, reserved 1048576K
Event: 1.875 GC heap after
Heap after GC invocations=2 (full 1):
 PSYoungGen      total 37888K, used 0K [0x00000000d6600000, 0x00000000d9000000, 0x0000000100000000)
  eden space 32768K, 0% used [0x00000000d6600000,0x00000000d6600000,0x00000000d8600000)
  from space 5120K, 0% used [0x00000000d8600000,0x00000000d8600000,0x00000000d8b00000)
  to   space 5120K, 0% used [0x00000000d8b00000,0x00000000d8b00000,0x00000000d9000000)
 ParOldGen       total 61440K, used 1809K [0x0000000083200000, 0x0000000086e00000, 0x00000000d6600000)
  object space 61440K, 2% used [0x0000000083200000,0x00000000833c4798,0x0000000086e00000)
 Metaspace       used 8279K, capacity 8420K, committed 8576K, reserved 1058816K
  class space    used 961K, capacity 1031K, committed 1152K, reserved 1048576K
}

